Running read-only SANDBOX safety check...
[get 1] GET (cold)
[get 2] GET (cold)
[get 3] GET (cold)
[get 4] GET (cold)
[get 5] GET (cold)
[get 1] GET (warm)
[get 2] GET (warm)
[get 3] GET (warm)
[get 4] GET (warm)
[get 5] GET (warm)
[get 6] GET (warm)
[get 7] GET (warm)
[get 8] GET (warm)
[get 9] GET (warm)
[get 10] GET (warm)
[get 11] GET (warm)
[get 12] GET (warm)
[get 13] GET (warm)
[get 14] GET (warm)
[get 15] GET (warm)
[get 16] GET (warm)
[get 17] GET (warm)
[get 18] GET (warm)
[get 19] GET (warm)
[get 20] GET (warm)
[empty_v2 1] POST + GET (warm)
[empty_v2 2] POST + GET (warm)
[empty_v2 3] POST + GET (warm)
[empty_v2 4] POST + GET (warm)
[empty_v2 5] POST + GET (warm)
[one_consumption 1] POST + GET (warm)
[one_consumption 2] POST + GET (warm)
[one_consumption 3] POST + GET (warm)
[one_consumption 4] POST + GET (warm)
[one_consumption 5] POST + GET (warm)
[one_consumption 6] POST + GET (warm)
[one_consumption 7] POST + GET (warm)
[one_consumption 8] POST + GET (warm)
[one_consumption 9] POST + GET (warm)
[one_consumption 10] POST + GET (warm)
[one_consumption 11] POST + GET (warm)
[one_consumption 12] POST + GET (warm)
[one_consumption 13] POST + GET (warm)
[one_consumption 14] POST + GET (warm)
[one_consumption 15] POST + GET (warm)
[one_consumption 16] POST + GET (warm)
[one_consumption 17] POST + GET (warm)
[one_consumption 18] POST + GET (warm)
[one_consumption 19] POST + GET (warm)
[one_consumption 20] POST + GET (warm)
[one_consumption 1] POST + GET (cold)
[one_consumption 2] POST + GET (cold)
[one_consumption 3] POST + GET (cold)
[one_consumption 4] POST + GET (cold)
[one_consumption 5] POST + GET (cold)
[duplicate_seed 1] POST + GET (warm)
[duplicate_retry 1] POST + GET (warm)
[duplicate_retry 2] POST + GET (warm)
[duplicate_retry 3] POST + GET (warm)
[duplicate_retry 4] POST + GET (warm)
[duplicate_retry 5] POST + GET (warm)
[duplicate_retry 6] POST + GET (warm)
[duplicate_retry 7] POST + GET (warm)
[duplicate_retry 8] POST + GET (warm)
[duplicate_retry 9] POST + GET (warm)
[duplicate_retry 10] POST + GET (warm)
[duplicate_retry 11] POST + GET (warm)
[duplicate_retry 12] POST + GET (warm)
[duplicate_retry 13] POST + GET (warm)
[duplicate_retry 14] POST + GET (warm)
[duplicate_retry 15] POST + GET (warm)
[duplicate_retry 16] POST + GET (warm)
[duplicate_retry 17] POST + GET (warm)
[duplicate_retry 18] POST + GET (warm)
[duplicate_retry 19] POST + GET (warm)
[duplicate_retry 20] POST + GET (warm)
[new_purchase 1] POST + GET (warm)
[new_purchase 2] POST + GET (warm)
[new_purchase 3] POST + GET (warm)
[new_purchase 4] POST + GET (warm)
[new_purchase 5] POST + GET (warm)
[mixed_purchase_consumption 1] POST + GET (warm)
[mixed_purchase_consumption 2] POST + GET (warm)
[mixed_purchase_consumption 3] POST + GET (warm)
[mixed_purchase_consumption 4] POST + GET (warm)
[mixed_purchase_consumption 5] POST + GET (warm)
[partial_rejection 1] POST + GET (warm)
[partial_rejection 2] POST + GET (warm)
[partial_rejection 3] POST + GET (warm)
[partial_rejection 4] POST + GET (warm)
[partial_rejection 5] POST + GET (warm)
[concurrent_identical pair 1] two simultaneous POSTs
[concurrent_identical pair 2] two simultaneous POSTs
[concurrent_identical pair 3] two simultaneous POSTs
JSON evidence: C:\Users\noamv\Downloads\cannsheet-mobile-main\work\backend-sync-performance\performance_evidence\phase7_final.json
Markdown evidence: C:\Users\noamv\Downloads\cannsheet-mobile-main\work\backend-sync-performance\performance_evidence\phase7_final.md
